<?xml version="1.0" encoding="UTF-8"?>
<testsuite name="PersonalisationTest" tests="20" skipped="0" failures="0" errors="0" timestamp="2023-09-30T08:17:17" hostname="MacBook-AX.local" time="0.072">
  <properties/>
  <testcase name="getComponentColors()" classname="PersonalisationTest" time="0.009"/>
  <testcase name="getCurrentTeamOrMatchSuccess()" classname="PersonalisationTest" time="0.003"/>
  <testcase name="updateCurrentTeamOrMatch()" classname="PersonalisationTest" time="0.002"/>
  <testcase name="createNewAccountInvalidUsername()" classname="PersonalisationTest" time="0.0"/>
  <testcase name="updateHighlightColor()" classname="PersonalisationTest" time="0.004"/>
  <testcase name="createNewAccountValid()" classname="PersonalisationTest" time="0.011"/>
  <testcase name="getBreadcrumbTeamsMatchesTwoWordTeam()" classname="PersonalisationTest" time="0.001"/>
  <testcase name="updateComponentColors()" classname="PersonalisationTest" time="0.003"/>
  <testcase name="updateBreadcrumb()" classname="PersonalisationTest" time="0.002"/>
  <testcase name="getBreadcrumbTeamsMatches()" classname="PersonalisationTest" time="0.001"/>
  <testcase name="createNewAccountInvalidPassword()" classname="PersonalisationTest" time="0.001"/>
  <testcase name="getCurrentTeamOrMatchError()" classname="PersonalisationTest" time="0.003"/>
  <testcase name="getBreadcrumbIndex()" classname="PersonalisationTest" time="0.002"/>
  <testcase name="createNewAccountUsernameExists()" classname="PersonalisationTest" time="0.001"/>
  <testcase name="updateUserStateDB()" classname="PersonalisationTest" time="0.002"/>
  <testcase name="getBreadcrumbIndexZero()" classname="PersonalisationTest" time="0.002"/>
  <testcase name="verifyExistingAccountValid()" classname="PersonalisationTest" time="0.002"/>
  <testcase name="verifyExistingAccountInvalid()" classname="PersonalisationTest" time="0.001"/>
  <testcase name="getBreadcrumbDefault()" classname="PersonalisationTest" time="0.002"/>
  <testcase name="getBackgroundColorAndHighlightColor()" classname="PersonalisationTest" time="0.004"/>
  <system-out><![CDATA[]]></system-out>
  <system-err><![CDATA[]]></system-err>
</testsuite>
