<?xml version="1.0" encoding="UTF-8"?>
<testsuite name="CallManagerOfflineApiTest" tests="4" skipped="0" failures="0" errors="0" timestamp="2023-09-30T08:17:16" hostname="MacBook-AX.local" time="0.123">
  <properties/>
  <testcase name="searchTeamNoInput()" classname="CallManagerOfflineApiTest" time="0.076"/>
  <testcase name="offlineUploadImage()" classname="CallManagerOfflineApiTest" time="0.009"/>
  <testcase name="offlineSearchTeamValid()" classname="CallManagerOfflineApiTest" time="0.01"/>
  <testcase name="offlineSearchTeamUpcomingMatchesValid()" classname="CallManagerOfflineApiTest" time="0.023"/>
  <system-out><![CDATA[]]></system-out>
  <system-err><![CDATA[]]></system-err>
</testsuite>
